<?xml version="1.0" encoding="UTF-8"?>
<!-- Generated by org.testng.reporters.JUnitReportReporter -->
<testsuite skipped="0" hostname="Onur-Mumcus-iMac.local" name="TestCases.HomePageTest2" tests="1" failures="0" timestamp="2019-09-22T22:53:56 EDT" time="17.404" errors="0">
  <testcase name="basePageNavigation" time="17.404" classname="TestCases.HomePageTest2"/>
</testsuite> <!-- TestCases.HomePageTest2 -->
