<?xml version="1.0" encoding="UTF-8"?>
<!-- Generated by org.testng.reporters.JUnitReportReporter -->
<testsuite skipped="0" hostname="DESKTOP-7M3VN73" name="TestCases.HomePage" tests="1" failures="0" timestamp="2019-09-18T18:59:59 EDT" time="14.951" errors="0">
  <testcase name="basePageNavigation" time="14.951" classname="TestCases.HomePage"/>
</testsuite> <!-- TestCases.HomePage -->
