<?xml version="1.0" encoding="UTF-8"?>
<!-- Generated by org.testng.reporters.JUnitReportReporter -->
<testsuite skipped="0" hostname="DESKTOP-7M3VN73" name="TestCases.HomePageTest2" tests="1" failures="0" timestamp="2019-09-22T22:14:57 EDT" time="27.907" errors="0">
  <testcase name="basePageNavigation" time="27.907" classname="TestCases.HomePageTest2"/>
</testsuite> <!-- TestCases.HomePageTest2 -->
